have_func: checking for iconv() in iconv.h... -------------------- yes

"gcc -o conftest -I../../.ext/include/i686-linux -I../.././include -I../.././ext/iconv -I/root/.rvm/usr/include  -D_FILE_OFFSET_BITS=64   -O3 -ggdb -Wextra -Wno-unused-parameter -Wno-parentheses -Wno-long-long -Wno-missing-field-initializers -Wpointer-arith -Wwrite-strings -Wdeclaration-after-statement -Wimplicit-function-declaration  -fPIC conftest.c  -L. -L../.. -L/root/.rvm/usr/lib -Wl,-R/root/.rvm/usr/lib -L.  -rdynamic -Wl,-export-dynamic     -Wl,-R -Wl,/root/.rvm/rubies/ruby-1.9.3-p125/lib -L/root/.rvm/rubies/ruby-1.9.3-p125/lib -lruby-static  -lpthread -lrt -ldl -lcrypt -lm   -lc"
checked program was:
/* begin */
1: #include "ruby.h"
2: 
3: #include <iconv.h>
4: 
5: /*top*/
6: int main() {return 0;}
7: extern int t(void);
8: int t(void) { void ((*volatile p)()); p = (void ((*)()))iconv; return 0; }
/* end */

--------------------

check_signedness: checking signedness of size_t... -------------------- unsigned

"gcc -I../../.ext/include/i686-linux -I../.././include -I../.././ext/iconv -I/root/.rvm/usr/include  -D_FILE_OFFSET_BITS=64   -O3 -ggdb -Wextra -Wno-unused-parameter -Wno-parentheses -Wno-long-long -Wno-missing-field-initializers -Wpointer-arith -Wwrite-strings -Wdeclaration-after-statement -Wimplicit-function-declaration  -fPIC   -c conftest.c"
conftest.c:6: warning: comparison of unsigned expression < 0 is always false
conftest.c:6: error: size of array ‘conftest_const’ is negative
checked program was:
/* begin */
1: #include "ruby.h"
2: 
3: typedef size_t rbcv_typedef_;
4: 
5: /*top*/
6: int conftest_const[((rbcv_typedef_)-1 < 0) ? 1 : -1];
/* end */

"gcc -I../../.ext/include/i686-linux -I../.././include -I../.././ext/iconv -I/root/.rvm/usr/include  -D_FILE_OFFSET_BITS=64   -O3 -ggdb -Wextra -Wno-unused-parameter -Wno-parentheses -Wno-long-long -Wno-missing-field-initializers -Wpointer-arith -Wwrite-strings -Wdeclaration-after-statement -Wimplicit-function-declaration  -fPIC   -c conftest.c"
checked program was:
/* begin */
1: #include "ruby.h"
2: 
3: typedef size_t rbcv_typedef_;
4: 
5: /*top*/
6: int conftest_const[((rbcv_typedef_)-1 > 0) ? 1 : -1];
/* end */

--------------------

checking for const of iconv() 2nd argument... -------------------- no

gcc -E -I../../.ext/include/i686-linux -I../.././include -I../.././ext/iconv -I/root/.rvm/usr/include  -D_FILE_OFFSET_BITS=64   -O3 -ggdb -Wextra -Wno-unused-parameter -Wno-parentheses -Wno-long-long -Wno-missing-field-initializers -Wpointer-arith -Wwrite-strings -Wdeclaration-after-statement -Wimplicit-function-declaration  -fPIC  conftest.c  |
iconv (iconv_t __cd, char **__restrict __inbuf,
       size_t *__restrict __inbytesleft,
       char **__restrict __outbuf,
       size_t *__restrict __outbytesleft);
--------------------

have_func: checking for iconvlist() in iconv.h... -------------------- no

"gcc -o conftest -I../../.ext/include/i686-linux -I../.././include -I../.././ext/iconv -I/root/.rvm/usr/include  -D_FILE_OFFSET_BITS=64   -O3 -ggdb -Wextra -Wno-unused-parameter -Wno-parentheses -Wno-long-long -Wno-missing-field-initializers -Wpointer-arith -Wwrite-strings -Wdeclaration-after-statement -Wimplicit-function-declaration  -fPIC conftest.c  -L. -L../.. -L/root/.rvm/usr/lib -Wl,-R/root/.rvm/usr/lib -L.  -rdynamic -Wl,-export-dynamic     -Wl,-R -Wl,/root/.rvm/rubies/ruby-1.9.3-p125/lib -L/root/.rvm/rubies/ruby-1.9.3-p125/lib -lruby-static  -lpthread -lrt -ldl -lcrypt -lm   -lc"
conftest.c: In function ‘t’:
conftest.c:8: error: ‘iconvlist’ undeclared (first use in this function)
conftest.c:8: error: (Each undeclared identifier is reported only once
conftest.c:8: error: for each function it appears in.)
checked program was:
/* begin */
1: #include "ruby.h"
2: 
3: #include <iconv.h>
4: 
5: /*top*/
6: int main() {return 0;}
7: extern int t(void);
8: int t(void) { void ((*volatile p)()); p = (void ((*)()))iconvlist; return 0; }
/* end */

"gcc -o conftest -I../../.ext/include/i686-linux -I../.././include -I../.././ext/iconv -I/root/.rvm/usr/include  -D_FILE_OFFSET_BITS=64   -O3 -ggdb -Wextra -Wno-unused-parameter -Wno-parentheses -Wno-long-long -Wno-missing-field-initializers -Wpointer-arith -Wwrite-strings -Wdeclaration-after-statement -Wimplicit-function-declaration  -fPIC conftest.c  -L. -L../.. -L/root/.rvm/usr/lib -Wl,-R/root/.rvm/usr/lib -L.  -rdynamic -Wl,-export-dynamic     -Wl,-R -Wl,/root/.rvm/rubies/ruby-1.9.3-p125/lib -L/root/.rvm/rubies/ruby-1.9.3-p125/lib -lruby-static  -lpthread -lrt -ldl -lcrypt -lm   -lc"
conftest.c: In function ‘t’:
conftest.c:8: warning: implicit declaration of function ‘iconvlist’
/tmp/cc0MRkeI.o: In function `t':
/root/.rvm/src/ruby-1.9.3-p125/ext/iconv/conftest.c:8: undefined reference to `iconvlist'
collect2: ld returned 1 exit status
checked program was:
/* begin */
1: #include "ruby.h"
2: 
3: #include <iconv.h>
4: 
5: /*top*/
6: int main() {return 0;}
7: extern int t(void);
8: int t(void) { iconvlist(); return 0; }
/* end */

--------------------

have_func: checking for __iconv_free_list() in iconv.h... -------------------- no

"gcc -o conftest -I../../.ext/include/i686-linux -I../.././include -I../.././ext/iconv -I/root/.rvm/usr/include  -D_FILE_OFFSET_BITS=64   -O3 -ggdb -Wextra -Wno-unused-parameter -Wno-parentheses -Wno-long-long -Wno-missing-field-initializers -Wpointer-arith -Wwrite-strings -Wdeclaration-after-statement -Wimplicit-function-declaration  -fPIC conftest.c  -L. -L../.. -L/root/.rvm/usr/lib -Wl,-R/root/.rvm/usr/lib -L.  -rdynamic -Wl,-export-dynamic     -Wl,-R -Wl,/root/.rvm/rubies/ruby-1.9.3-p125/lib -L/root/.rvm/rubies/ruby-1.9.3-p125/lib -lruby-static  -lpthread -lrt -ldl -lcrypt -lm   -lc"
conftest.c: In function ‘t’:
conftest.c:8: error: ‘__iconv_free_list’ undeclared (first use in this function)
conftest.c:8: error: (Each undeclared identifier is reported only once
conftest.c:8: error: for each function it appears in.)
checked program was:
/* begin */
1: #include "ruby.h"
2: 
3: #include <iconv.h>
4: 
5: /*top*/
6: int main() {return 0;}
7: extern int t(void);
8: int t(void) { void ((*volatile p)()); p = (void ((*)()))__iconv_free_list; return 0; }
/* end */

"gcc -o conftest -I../../.ext/include/i686-linux -I../.././include -I../.././ext/iconv -I/root/.rvm/usr/include  -D_FILE_OFFSET_BITS=64   -O3 -ggdb -Wextra -Wno-unused-parameter -Wno-parentheses -Wno-long-long -Wno-missing-field-initializers -Wpointer-arith -Wwrite-strings -Wdeclaration-after-statement -Wimplicit-function-declaration  -fPIC conftest.c  -L. -L../.. -L/root/.rvm/usr/lib -Wl,-R/root/.rvm/usr/lib -L.  -rdynamic -Wl,-export-dynamic     -Wl,-R -Wl,/root/.rvm/rubies/ruby-1.9.3-p125/lib -L/root/.rvm/rubies/ruby-1.9.3-p125/lib -lruby-static  -lpthread -lrt -ldl -lcrypt -lm   -lc"
conftest.c: In function ‘t’:
conftest.c:8: warning: implicit declaration of function ‘__iconv_free_list’
/tmp/ccpkTObN.o: In function `t':
/root/.rvm/src/ruby-1.9.3-p125/ext/iconv/conftest.c:8: undefined reference to `__iconv_free_list'
collect2: ld returned 1 exit status
checked program was:
/* begin */
1: #include "ruby.h"
2: 
3: #include <iconv.h>
4: 
5: /*top*/
6: int main() {return 0;}
7: extern int t(void);
8: int t(void) { __iconv_free_list(); return 0; }
/* end */

--------------------

