have_library: checking for main() in -lcrypto... -------------------- yes

"gcc -o conftest -I../../../.ext/include/i686-linux -I../../.././include -I../../.././ext/digest/sha2 -I../../.././ext/digest/sha2/.. -I/root/.rvm/usr/include  -D_FILE_OFFSET_BITS=64   -O3 -ggdb -Wextra -Wno-unused-parameter -Wno-parentheses -Wno-long-long -Wno-missing-field-initializers -Wpointer-arith -Wwrite-strings -Wdeclaration-after-statement -Wimplicit-function-declaration  -fPIC conftest.c  -L. -L../../.. -L/root/.rvm/usr/lib -Wl,-R/root/.rvm/usr/lib -L.  -rdynamic -Wl,-export-dynamic     -Wl,-R -Wl,/root/.rvm/rubies/ruby-1.9.3-p125/lib -L/root/.rvm/rubies/ruby-1.9.3-p125/lib -lruby-static -lcrypto  -lpthread -lrt -ldl -lcrypt -lm   -lc"
checked program was:
/* begin */
1: #include "ruby.h"
2: 
3: /*top*/
4: int main() {return 0;}
5: extern int t(void);
6: int t(void) { void ((*volatile p)()); p = (void ((*)()))main; return 0; }
/* end */

--------------------

have_func: checking for SHA256_Transform() in openssl/sha.h... -------------------- yes

"gcc -o conftest -I../../../.ext/include/i686-linux -I../../.././include -I../../.././ext/digest/sha2 -I../../.././ext/digest/sha2/.. -I/root/.rvm/usr/include  -D_FILE_OFFSET_BITS=64   -O3 -ggdb -Wextra -Wno-unused-parameter -Wno-parentheses -Wno-long-long -Wno-missing-field-initializers -Wpointer-arith -Wwrite-strings -Wdeclaration-after-statement -Wimplicit-function-declaration  -fPIC conftest.c  -L. -L../../.. -L/root/.rvm/usr/lib -Wl,-R/root/.rvm/usr/lib -L.  -rdynamic -Wl,-export-dynamic    -lcrypto  -Wl,-R -Wl,/root/.rvm/rubies/ruby-1.9.3-p125/lib -L/root/.rvm/rubies/ruby-1.9.3-p125/lib -lruby-static -lcrypto  -lpthread -lrt -ldl -lcrypt -lm   -lc"
checked program was:
/* begin */
1: #include "ruby.h"
2: 
3: #include <openssl/sha.h>
4: 
5: /*top*/
6: int main() {return 0;}
7: extern int t(void);
8: int t(void) { void ((*volatile p)()); p = (void ((*)()))SHA256_Transform; return 0; }
/* end */

--------------------

have_func: checking for SHA512_Transform() in openssl/sha.h... -------------------- yes

"gcc -o conftest -I../../../.ext/include/i686-linux -I../../.././include -I../../.././ext/digest/sha2 -I../../.././ext/digest/sha2/.. -I/root/.rvm/usr/include  -D_FILE_OFFSET_BITS=64   -O3 -ggdb -Wextra -Wno-unused-parameter -Wno-parentheses -Wno-long-long -Wno-missing-field-initializers -Wpointer-arith -Wwrite-strings -Wdeclaration-after-statement -Wimplicit-function-declaration  -fPIC conftest.c  -L. -L../../.. -L/root/.rvm/usr/lib -Wl,-R/root/.rvm/usr/lib -L.  -rdynamic -Wl,-export-dynamic    -lcrypto  -Wl,-R -Wl,/root/.rvm/rubies/ruby-1.9.3-p125/lib -L/root/.rvm/rubies/ruby-1.9.3-p125/lib -lruby-static -lcrypto  -lpthread -lrt -ldl -lcrypt -lm   -lc"
checked program was:
/* begin */
1: #include "ruby.h"
2: 
3: #include <openssl/sha.h>
4: 
5: /*top*/
6: int main() {return 0;}
7: extern int t(void);
8: int t(void) { void ((*volatile p)()); p = (void ((*)()))SHA512_Transform; return 0; }
/* end */

--------------------

have_type: checking for SHA256_CTX in openssl/sha.h... -------------------- yes

"gcc -I../../../.ext/include/i686-linux -I../../.././include -I../../.././ext/digest/sha2 -I../../.././ext/digest/sha2/.. -I/root/.rvm/usr/include  -D_FILE_OFFSET_BITS=64   -O3 -ggdb -Wextra -Wno-unused-parameter -Wno-parentheses -Wno-long-long -Wno-missing-field-initializers -Wpointer-arith -Wwrite-strings -Wdeclaration-after-statement -Wimplicit-function-declaration  -fPIC   -c conftest.c"
checked program was:
/* begin */
1: #include "ruby.h"
2: 
3: #include <openssl/sha.h>
4: 
5: /*top*/
6: typedef SHA256_CTX conftest_type;
7: int conftestval[sizeof(conftest_type)?1:-1];
/* end */

--------------------

have_type: checking for SHA512_CTX in openssl/sha.h... -------------------- yes

"gcc -I../../../.ext/include/i686-linux -I../../.././include -I../../.././ext/digest/sha2 -I../../.././ext/digest/sha2/.. -I/root/.rvm/usr/include  -D_FILE_OFFSET_BITS=64   -O3 -ggdb -Wextra -Wno-unused-parameter -Wno-parentheses -Wno-long-long -Wno-missing-field-initializers -Wpointer-arith -Wwrite-strings -Wdeclaration-after-statement -Wimplicit-function-declaration  -fPIC   -c conftest.c"
checked program was:
/* begin */
1: #include "ruby.h"
2: 
3: #include <openssl/sha.h>
4: 
5: /*top*/
6: typedef SHA512_CTX conftest_type;
7: int conftestval[sizeof(conftest_type)?1:-1];
/* end */

--------------------

have_header: checking for sys/cdefs.h... -------------------- yes

"gcc -E -I../../../.ext/include/i686-linux -I../../.././include -I../../.././ext/digest/sha2 -I../../.././ext/digest/sha2/.. -I/root/.rvm/usr/include  -D_FILE_OFFSET_BITS=64   -O3 -ggdb -Wextra -Wno-unused-parameter -Wno-parentheses -Wno-long-long -Wno-missing-field-initializers -Wpointer-arith -Wwrite-strings -Wdeclaration-after-statement -Wimplicit-function-declaration  -fPIC  conftest.c -o conftest.i"
checked program was:
/* begin */
1: #include "ruby.h"
2: 
3: #include <sys/cdefs.h>
/* end */

--------------------

have_type: checking for uint64_t in defs.h with -DHAVE_CONFIG_H -DHAVE_SHA256_TRANSFORM -DHAVE_SHA512_TRANSFORM -DHAVE_TYPE_SHA256_CTX -DHAVE_TYPE_SHA512_CTX -DSHA2_USE_OPENSSL -DHAVE_SYS_CDEFS_H... -------------------- yes

"gcc -I../../../.ext/include/i686-linux -I../../.././include -I../../.././ext/digest/sha2 -I../../.././ext/digest/sha2/.. -I/root/.rvm/usr/include  -D_FILE_OFFSET_BITS=64   -O3 -ggdb -Wextra -Wno-unused-parameter -Wno-parentheses -Wno-long-long -Wno-missing-field-initializers -Wpointer-arith -Wwrite-strings -Wdeclaration-after-statement -Wimplicit-function-declaration  -fPIC  -DHAVE_CONFIG_H -DHAVE_SHA256_TRANSFORM -DHAVE_SHA512_TRANSFORM -DHAVE_TYPE_SHA256_CTX -DHAVE_TYPE_SHA512_CTX -DSHA2_USE_OPENSSL -DHAVE_SYS_CDEFS_H -c conftest.c"
checked program was:
/* begin */
1: #include "ruby.h"
2: 
3: #include <defs.h>
4: 
5: /*top*/
6: typedef uint64_t conftest_type;
7: int conftestval[sizeof(conftest_type)?1:-1];
/* end */

--------------------

