"gcc -I../../../.ext/include/i686-linux -I../../.././include -I../../.././ext/io/console -I/root/.rvm/usr/include  -D_FILE_OFFSET_BITS=64   -O3 -ggdb -Wextra -Wno-unused-parameter -Wno-parentheses -Wno-long-long -Wno-missing-field-initializers -Wpointer-arith -Wwrite-strings -Wdeclaration-after-statement -Wimplicit-function-declaration  -fPIC   -c conftest.c"
conftest.c:5:3: error: #error 
conftest.c:6: error: expected identifier or ‘(’ before ‘>>’ token
checked program was:
/* begin */
1: #include "ruby.h"
2: 
3: /*top*/
4: #ifndef _WIN32
5: # error
6: >>>>>> _WIN32 undefined <<<<<<
7: #endif
/* end */

have_header: checking for termios.h... -------------------- yes

"gcc -E -I../../../.ext/include/i686-linux -I../../.././include -I../../.././ext/io/console -I/root/.rvm/usr/include  -D_FILE_OFFSET_BITS=64   -O3 -ggdb -Wextra -Wno-unused-parameter -Wno-parentheses -Wno-long-long -Wno-missing-field-initializers -Wpointer-arith -Wwrite-strings -Wdeclaration-after-statement -Wimplicit-function-declaration  -fPIC  conftest.c -o conftest.i"
checked program was:
/* begin */
1: #include "ruby.h"
2: 
3: #include <termios.h>
/* end */

--------------------

have_func: checking for cfmakeraw() in termios.h... -------------------- yes

"gcc -o conftest -I../../../.ext/include/i686-linux -I../../.././include -I../../.././ext/io/console -I/root/.rvm/usr/include  -D_FILE_OFFSET_BITS=64   -O3 -ggdb -Wextra -Wno-unused-parameter -Wno-parentheses -Wno-long-long -Wno-missing-field-initializers -Wpointer-arith -Wwrite-strings -Wdeclaration-after-statement -Wimplicit-function-declaration  -fPIC conftest.c  -L. -L../../.. -L/root/.rvm/usr/lib -Wl,-R/root/.rvm/usr/lib -L.  -rdynamic -Wl,-export-dynamic     -Wl,-R -Wl,/root/.rvm/rubies/ruby-1.9.3-p125/lib -L/root/.rvm/rubies/ruby-1.9.3-p125/lib -lruby-static  -lpthread -lrt -ldl -lcrypt -lm   -lc"
checked program was:
/* begin */
1: #include "ruby.h"
2: 
3: #include <termios.h>
4: 
5: /*top*/
6: int main() {return 0;}
7: extern int t(void);
8: int t(void) { void ((*volatile p)()); p = (void ((*)()))cfmakeraw; return 0; }
/* end */

--------------------

have_header: checking for sys/ioctl.h... -------------------- yes

"gcc -E -I../../../.ext/include/i686-linux -I../../.././include -I../../.././ext/io/console -I/root/.rvm/usr/include  -D_FILE_OFFSET_BITS=64   -O3 -ggdb -Wextra -Wno-unused-parameter -Wno-parentheses -Wno-long-long -Wno-missing-field-initializers -Wpointer-arith -Wwrite-strings -Wdeclaration-after-statement -Wimplicit-function-declaration  -fPIC  conftest.c -o conftest.i"
checked program was:
/* begin */
1: #include "ruby.h"
2: 
3: #include <sys/ioctl.h>
/* end */

--------------------

have_func: checking for rb_io_get_write_io() in ruby/io.h... -------------------- yes

"gcc -o conftest -I../../../.ext/include/i686-linux -I../../.././include -I../../.././ext/io/console -I/root/.rvm/usr/include  -D_FILE_OFFSET_BITS=64   -O3 -ggdb -Wextra -Wno-unused-parameter -Wno-parentheses -Wno-long-long -Wno-missing-field-initializers -Wpointer-arith -Wwrite-strings -Wdeclaration-after-statement -Wimplicit-function-declaration  -fPIC conftest.c  -L. -L../../.. -L/root/.rvm/usr/lib -Wl,-R/root/.rvm/usr/lib -L.  -rdynamic -Wl,-export-dynamic     -Wl,-R -Wl,/root/.rvm/rubies/ruby-1.9.3-p125/lib -L/root/.rvm/rubies/ruby-1.9.3-p125/lib -lruby-static  -lpthread -lrt -ldl -lcrypt -lm   -lc"
checked program was:
/* begin */
1: #include "ruby.h"
2: 
3: #include <ruby/io.h>
4: 
5: /*top*/
6: int main() {return 0;}
7: extern int t(void);
8: int t(void) { void ((*volatile p)()); p = (void ((*)()))rb_io_get_write_io; return 0; }
/* end */

--------------------

have_func: checking for dup3() in unistd.h... -------------------- yes

"gcc -o conftest -I../../../.ext/include/i686-linux -I../../.././include -I../../.././ext/io/console -I/root/.rvm/usr/include  -D_FILE_OFFSET_BITS=64   -O3 -ggdb -Wextra -Wno-unused-parameter -Wno-parentheses -Wno-long-long -Wno-missing-field-initializers -Wpointer-arith -Wwrite-strings -Wdeclaration-after-statement -Wimplicit-function-declaration  -fPIC conftest.c  -L. -L../../.. -L/root/.rvm/usr/lib -Wl,-R/root/.rvm/usr/lib -L.  -rdynamic -Wl,-export-dynamic     -Wl,-R -Wl,/root/.rvm/rubies/ruby-1.9.3-p125/lib -L/root/.rvm/rubies/ruby-1.9.3-p125/lib -lruby-static  -lpthread -lrt -ldl -lcrypt -lm   -lc"
checked program was:
/* begin */
1: #include "ruby.h"
2: 
3: #include <unistd.h>
4: 
5: /*top*/
6: int main() {return 0;}
7: extern int t(void);
8: int t(void) { void ((*volatile p)()); p = (void ((*)()))dup3; return 0; }
/* end */

--------------------

